[26/12/2025, 1:33:19 pm] OPTIONS 204 4.357 ms /api/auth/me
[26/12/2025, 1:33:19 pm] GET 304 231.924 ms /api/events/kiraa/iks-meet
[26/12/2025, 1:33:19 pm] GET 304 346.726 ms /api/auth/me
[26/12/2025, 1:33:26 pm] OPTIONS 204 0.767 ms /api/auth/me
[26/12/2025, 1:33:26 pm] OPTIONS 204 0.345 ms /api/auth/me
[26/12/2025, 1:33:26 pm] GET 304 287.577 ms /api/auth/me
[26/12/2025, 1:33:26 pm] GET 304 274.420 ms /api/auth/me
[26/12/2025, 1:33:39 pm] OPTIONS 204 0.379 ms /api/auth/login
[26/12/2025, 1:33:40 pm] POST 200 1524.377 ms /api/auth/login
[26/12/2025, 1:33:41 pm] OPTIONS 204 0.424 ms /api/notifications/unread-count
[26/12/2025, 1:33:41 pm] OPTIONS 204 0.269 ms /api/coordinators/my-events
[26/12/2025, 1:33:41 pm] OPTIONS 204 0.384 ms /api/notifications/unread-count
[26/12/2025, 1:33:41 pm] OPTIONS 204 0.334 ms /api/coordinators/my-events
[26/12/2025, 1:33:41 pm] OPTIONS 204 0.461 ms /api/auth/me
[26/12/2025, 1:33:41 pm] OPTIONS 204 0.483 ms /api/notifications?limit=5
[26/12/2025, 1:33:41 pm] OPTIONS 204 0.271 ms /api/dashboard/stats
[26/12/2025, 1:33:41 pm] OPTIONS 204 0.317 ms /api/events/my
[26/12/2025, 1:33:41 pm] OPTIONS 204 0.262 ms /api/events/my
[26/12/2025, 1:33:41 pm] OPTIONS 204 0.228 ms /api/dashboard/stats
[26/12/2025, 1:33:41 pm] OPTIONS 204 0.212 ms /api/notifications?limit=5
[26/12/2025, 1:33:41 pm] GET 200 206.827 ms /api/notifications/unread-count
[26/12/2025, 1:33:41 pm] GET 304 201.026 ms /api/coordinators/my-events
[26/12/2025, 1:33:41 pm] GET 200 261.384 ms /api/auth/me
[26/12/2025, 1:33:41 pm] GET 304 167.871 ms /api/notifications/unread-count
[26/12/2025, 1:33:41 pm] GET 304 178.799 ms /api/coordinators/my-events
[26/12/2025, 1:33:41 pm] GET 200 345.685 ms /api/dashboard/stats
[26/12/2025, 1:33:41 pm] GET 200 354.014 ms /api/notifications?limit=5
[26/12/2025, 1:33:41 pm] GET 304 258.833 ms /api/auth/me
[26/12/2025, 1:33:41 pm] GET 304 340.121 ms /api/dashboard/stats
[26/12/2025, 1:33:41 pm] GET 304 355.717 ms /api/notifications?limit=5
[26/12/2025, 1:33:41 pm] GET 304 252.627 ms /api/auth/me
[26/12/2025, 1:33:41 pm] GET 200 749.846 ms /api/events/my
[26/12/2025, 1:33:42 pm] GET 304 176.642 ms /api/events/my
[26/12/2025, 1:33:42 pm] GET 304 266.306 ms /api/auth/me
[26/12/2025, 1:33:42 pm] GET 304 272.779 ms /api/auth/me
[26/12/2025, 1:33:42 pm] GET 304 254.804 ms /api/auth/me
[26/12/2025, 1:33:49 pm] OPTIONS 204 0.171 ms /api/auth/me
[26/12/2025, 1:33:49 pm] OPTIONS 204 0.459 ms /api/auth/me
[26/12/2025, 1:33:49 pm] GET 304 258.644 ms /api/auth/me
[26/12/2025, 1:33:49 pm] OPTIONS 204 0.338 ms /api/admin/stats
[26/12/2025, 1:33:49 pm] GET 304 273.312 ms /api/auth/me
[26/12/2025, 1:33:50 pm] GET 200 633.466 ms /api/admin/stats
[26/12/2025, 1:33:50 pm] GET 304 642.716 ms /api/admin/stats
[26/12/2025, 1:33:53 pm] OPTIONS 204 0.274 ms /api/notifications/unread-count
[26/12/2025, 1:33:53 pm] OPTIONS 204 0.145 ms /api/coordinators/my-events
[26/12/2025, 1:33:53 pm] OPTIONS 204 0.132 ms /api/coordinators/my-events
[26/12/2025, 1:33:53 pm] OPTIONS 204 0.249 ms /api/notifications/unread-count
[26/12/2025, 1:33:53 pm] OPTIONS 204 0.212 ms /api/dashboard/stats
[26/12/2025, 1:33:53 pm] OPTIONS 204 0.240 ms /api/events/my
[26/12/2025, 1:33:53 pm] OPTIONS 204 0.229 ms /api/notifications?limit=5
[26/12/2025, 1:33:53 pm] OPTIONS 204 0.217 ms /api/events/my
[26/12/2025, 1:33:54 pm] OPTIONS 204 0.212 ms /api/notifications?limit=5
[26/12/2025, 1:33:54 pm] GET 304 177.218 ms /api/coordinators/my-events
[26/12/2025, 1:33:54 pm] GET 304 186.531 ms /api/notifications/unread-count
[26/12/2025, 1:33:54 pm] GET 304 173.725 ms /api/events/my
[26/12/2025, 1:33:54 pm] GET 304 178.638 ms /api/coordinators/my-events
[26/12/2025, 1:33:54 pm] GET 304 177.306 ms /api/notifications/unread-count
[26/12/2025, 1:33:54 pm] GET 304 271.351 ms /api/auth/me
[26/12/2025, 1:33:54 pm] GET 304 361.536 ms /api/dashboard/stats
[26/12/2025, 1:33:54 pm] GET 304 169.684 ms /api/events/my
[26/12/2025, 1:33:54 pm] GET 304 350.302 ms /api/notifications?limit=5
[26/12/2025, 1:33:54 pm] GET 304 263.276 ms /api/auth/me
[26/12/2025, 1:33:54 pm] GET 304 356.872 ms /api/dashboard/stats
[26/12/2025, 1:33:54 pm] GET 304 354.292 ms /api/notifications?limit=5
[26/12/2025, 1:33:54 pm] GET 304 270.661 ms /api/auth/me
[26/12/2025, 1:33:55 pm] GET 304 268.035 ms /api/auth/me
[26/12/2025, 1:33:55 pm] GET 304 279.539 ms /api/auth/me
[26/12/2025, 1:33:55 pm] GET 304 245.684 ms /api/auth/me
[26/12/2025, 1:34:20 pm] OPTIONS 204 0.268 ms /api/auth/me
[26/12/2025, 1:34:20 pm] OPTIONS 204 0.092 ms /api/auth/me
[26/12/2025, 1:34:20 pm] GET 304 282.993 ms /api/auth/me
[26/12/2025, 1:34:20 pm] OPTIONS 204 0.103 ms /api/admin/stats
[26/12/2025, 1:34:20 pm] GET 304 306.868 ms /api/auth/me
[26/12/2025, 1:34:21 pm] GET 304 677.979 ms /api/admin/stats
[26/12/2025, 1:34:21 pm] GET 304 601.011 ms /api/admin/stats
[26/12/2025, 1:34:24 pm] OPTIONS 204 0.242 ms /api/admin/logs
[26/12/2025, 1:34:24 pm] OPTIONS 204 0.126 ms /api/admin/logs
[26/12/2025, 1:34:24 pm] GET 200 181.213 ms /api/admin/logs
[26/12/2025, 1:34:24 pm] GET 200 183.881 ms /api/admin/logs
[26/12/2025, 1:34:36 pm] OPTIONS 204 0.174 ms /api/admin/logs
[26/12/2025, 1:34:36 pm] GET 200 164.500 ms /api/admin/logs
[26/12/2025, 1:34:40 pm] GET 200 173.695 ms /api/admin/logs
[26/12/2025, 1:34:46 pm] OPTIONS 204 0.139 ms /api/auth/me
[26/12/2025, 1:34:46 pm] OPTIONS 204 0.204 ms /api/auth/me
[26/12/2025, 1:34:46 pm] GET 304 268.610 ms /api/auth/me
[26/12/2025, 1:34:46 pm] OPTIONS 204 0.139 ms /api/admin/stats
[26/12/2025, 1:34:47 pm] GET 304 277.788 ms /api/auth/me
[26/12/2025, 1:34:47 pm] GET 304 612.304 ms /api/admin/stats
[26/12/2025, 1:34:48 pm] GET 304 612.285 ms /api/admin/stats
[26/12/2025, 1:35:11 pm] OPTIONS 204 0.157 ms /api/notifications/unread-count
[26/12/2025, 1:35:11 pm] OPTIONS 204 0.088 ms /api/coordinators/my-events
[26/12/2025, 1:35:11 pm] OPTIONS 204 0.255 ms /api/coordinators/my-events
[26/12/2025, 1:35:11 pm] OPTIONS 204 0.290 ms /api/auth/me
[26/12/2025, 1:35:11 pm] OPTIONS 204 0.220 ms /api/dashboard/stats
[26/12/2025, 1:35:11 pm] OPTIONS 204 0.250 ms /api/events/my
[26/12/2025, 1:35:11 pm] OPTIONS 204 0.242 ms /api/notifications?limit=5
[26/12/2025, 1:35:11 pm] OPTIONS 204 0.248 ms /api/events/my
[26/12/2025, 1:35:11 pm] OPTIONS 204 0.263 ms /api/notifications?limit=5
[26/12/2025, 1:35:12 pm] GET 304 510.179 ms /api/coordinators/my-events
[26/12/2025, 1:35:12 pm] GET 304 404.578 ms /api/events/my
[26/12/2025, 1:35:12 pm] GET 304 534.704 ms /api/notifications/unread-count
[26/12/2025, 1:35:12 pm] GET 304 524.156 ms /api/auth/me
[26/12/2025, 1:35:12 pm] GET 304 573.679 ms /api/notifications?limit=5
[26/12/2025, 1:35:12 pm] GET 304 190.549 ms /api/coordinators/my-events
[26/12/2025, 1:35:12 pm] GET 304 163.445 ms /api/notifications/unread-count
[26/12/2025, 1:35:12 pm] GET 304 601.785 ms /api/dashboard/stats
[26/12/2025, 1:35:12 pm] GET 304 184.855 ms /api/events/my
[26/12/2025, 1:35:12 pm] GET 304 302.246 ms /api/auth/me
[26/12/2025, 1:35:12 pm] GET 304 508.699 ms /api/notifications?limit=5
[26/12/2025, 1:35:12 pm] GET 304 546.769 ms /api/dashboard/stats
[26/12/2025, 1:35:13 pm] GET 304 467.318 ms /api/auth/me
[26/12/2025, 1:35:13 pm] GET 304 247.888 ms /api/auth/me
[26/12/2025, 1:35:13 pm] GET 304 261.284 ms /api/auth/me
[26/12/2025, 1:35:13 pm] GET 304 274.151 ms /api/auth/me
[26/12/2025, 1:35:41 pm] OPTIONS 204 0.210 ms /api/notifications/unread-count
[26/12/2025, 1:35:41 pm] GET 304 187.721 ms /api/notifications/unread-count
[26/12/2025, 1:35:53 pm] OPTIONS 204 0.231 ms /api/notifications/unread-count
[26/12/2025, 1:35:53 pm] OPTIONS 204 0.250 ms /api/coordinators/my-events
[26/12/2025, 1:35:53 pm] GET 200 164.613 ms /api/notifications/unread-count
[26/12/2025, 1:35:53 pm] GET 304 160.729 ms /api/coordinators/my-events
[26/12/2025, 1:35:53 pm] OPTIONS 204 0.077 ms /api/auth/me
[26/12/2025, 1:35:54 pm] GET 304 257.633 ms /api/auth/me
[26/12/2025, 1:35:54 pm] OPTIONS 204 0.123 ms /api/dashboard/stats
[26/12/2025, 1:35:54 pm] OPTIONS 204 0.058 ms /api/events/my
[26/12/2025, 1:35:54 pm] OPTIONS 204 0.051 ms /api/notifications?limit=5
[26/12/2025, 1:35:54 pm] GET 304 173.277 ms /api/events/my
[26/12/2025, 1:35:54 pm] GET 304 270.499 ms /api/auth/me
[26/12/2025, 1:35:54 pm] GET 304 333.011 ms /api/dashboard/stats
[26/12/2025, 1:35:54 pm] GET 304 340.029 ms /api/notifications?limit=5
[26/12/2025, 1:35:55 pm] GET 304 264.505 ms /api/auth/me
[26/12/2025, 1:36:12 pm] OPTIONS 204 0.078 ms /api/notifications/unread-count
[26/12/2025, 1:36:13 pm] GET 304 488.103 ms /api/notifications/unread-count
[26/12/2025, 1:36:24 pm] OPTIONS 204 0.367 ms /api/notifications/unread-count
[26/12/2025, 1:36:24 pm] GET 304 159.228 ms /api/notifications/unread-count
[26/12/2025, 1:36:42 pm] OPTIONS 204 0.148 ms /api/notifications/unread-count
[26/12/2025, 1:36:42 pm] GET 304 174.220 ms /api/notifications/unread-count
[26/12/2025, 1:36:54 pm] OPTIONS 204 0.209 ms /api/notifications/unread-count
[26/12/2025, 1:36:54 pm] GET 304 192.091 ms /api/notifications/unread-count
[26/12/2025, 1:36:55 pm] OPTIONS 204 0.218 ms /api/events/my
[26/12/2025, 1:36:55 pm] OPTIONS 204 0.320 ms /api/events/my
[26/12/2025, 1:36:55 pm] GET 304 195.358 ms /api/events/my
[26/12/2025, 1:36:55 pm] OPTIONS 204 0.138 ms /api/auth/me
[26/12/2025, 1:36:56 pm] GET 304 162.801 ms /api/events/my
[26/12/2025, 1:36:56 pm] GET 304 251.074 ms /api/auth/me
[26/12/2025, 1:36:56 pm] GET 304 275.283 ms /api/auth/me
[26/12/2025, 1:37:00 pm] OPTIONS 204 0.291 ms /api/contacts?limit=500
[26/12/2025, 1:37:00 pm] OPTIONS 204 0.275 ms /api/contacts/stats
[26/12/2025, 1:37:00 pm] OPTIONS 204 0.119 ms /api/contacts?limit=500
[26/12/2025, 1:37:00 pm] OPTIONS 204 0.134 ms /api/contacts/stats
[26/12/2025, 1:37:00 pm] GET 200 279.551 ms /api/contacts?limit=500
[26/12/2025, 1:37:01 pm] GET 200 340.149 ms /api/contacts/stats
[26/12/2025, 1:37:01 pm] GET 304 268.011 ms /api/contacts?limit=500
[26/12/2025, 1:37:01 pm] GET 304 383.458 ms /api/contacts/stats
[26/12/2025, 1:37:03 pm] OPTIONS 204 0.237 ms /api/email/accounts
[26/12/2025, 1:37:03 pm] OPTIONS 204 0.280 ms /api/email/accounts
[26/12/2025, 1:37:03 pm] GET 200 210.583 ms /api/email/accounts
[26/12/2025, 1:37:03 pm] GET 304 205.786 ms /api/email/accounts
[26/12/2025, 1:37:08 pm] OPTIONS 204 0.286 ms /api/admin/logs
[26/12/2025, 1:37:08 pm] OPTIONS 204 0.161 ms /api/admin/logs
[26/12/2025, 1:37:09 pm] GET 200 368.976 ms /api/admin/logs
[26/12/2025, 1:37:09 pm] GET 200 168.847 ms /api/admin/logs
[26/12/2025, 1:37:11 pm] OPTIONS 204 0.092 ms /api/notifications/unread-count
[26/12/2025, 1:37:11 pm] GET 304 171.731 ms /api/notifications/unread-count
[26/12/2025, 1:37:11 pm] OPTIONS 204 0.159 ms /api/auth/me
[26/12/2025, 1:37:11 pm] OPTIONS 204 0.125 ms /api/auth/me
[26/12/2025, 1:37:12 pm] GET 304 246.130 ms /api/auth/me
[26/12/2025, 1:37:12 pm] OPTIONS 204 0.242 ms /api/admin/stats
[26/12/2025, 1:37:12 pm] GET 304 270.190 ms /api/auth/me
[26/12/2025, 1:37:12 pm] GET 304 619.207 ms /api/admin/stats
[26/12/2025, 1:37:13 pm] GET 304 620.124 ms /api/admin/stats
[26/12/2025, 1:37:24 pm] OPTIONS 204 0.126 ms /api/notifications/unread-count
[26/12/2025, 1:37:25 pm] GET 304 528.913 ms /api/notifications/unread-count
[26/12/2025, 1:37:42 pm] OPTIONS 204 0.199 ms /api/notifications/unread-count
[26/12/2025, 1:37:42 pm] GET 304 180.786 ms /api/notifications/unread-count
[26/12/2025, 1:37:54 pm] OPTIONS 204 0.127 ms /api/notifications/unread-count
[26/12/2025, 1:37:54 pm] GET 304 181.048 ms /api/notifications/unread-count
[26/12/2025, 1:38:12 pm] OPTIONS 204 0.185 ms /api/notifications/unread-count
[26/12/2025, 1:38:12 pm] GET 304 163.479 ms /api/notifications/unread-count
[26/12/2025, 1:38:24 pm] OPTIONS 204 0.068 ms /api/notifications/unread-count
[26/12/2025, 1:38:24 pm] GET 304 165.636 ms /api/notifications/unread-count
[26/12/2025, 1:38:42 pm] OPTIONS 204 0.115 ms /api/notifications/unread-count
[26/12/2025, 1:38:42 pm] GET 304 181.854 ms /api/notifications/unread-count
[26/12/2025, 1:38:54 pm] OPTIONS 204 0.142 ms /api/notifications/unread-count
[26/12/2025, 1:38:54 pm] GET 304 181.086 ms /api/notifications/unread-count
[26/12/2025, 1:39:56 pm] OPTIONS 204 0.192 ms /api/notifications/unread-count
[26/12/2025, 1:39:56 pm] OPTIONS 204 0.170 ms /api/notifications/unread-count
[26/12/2025, 1:39:56 pm] GET 304 175.729 ms /api/notifications/unread-count
[26/12/2025, 1:39:56 pm] GET 304 172.221 ms /api/notifications/unread-count
[26/12/2025, 1:40:35 pm] OPTIONS 204 0.120 ms /api/notifications/unread-count
[26/12/2025, 1:40:35 pm] OPTIONS 204 0.320 ms /api/auth/me
[26/12/2025, 1:40:35 pm] OPTIONS 204 0.061 ms /api/coordinators/my-events
[26/12/2025, 1:40:35 pm] OPTIONS 204 0.236 ms /api/notifications/unread-count
[26/12/2025, 1:40:35 pm] OPTIONS 204 0.174 ms /api/coordinators/my-events
[26/12/2025, 1:40:35 pm] GET 304 187.918 ms /api/notifications/unread-count
[26/12/2025, 1:40:35 pm] GET 304 187.808 ms /api/coordinators/my-events
[26/12/2025, 1:40:35 pm] GET 304 153.434 ms /api/notifications/unread-count
[26/12/2025, 1:40:35 pm] OPTIONS 204 0.112 ms /api/auth/me
[26/12/2025, 1:40:35 pm] OPTIONS 204 0.102 ms /api/dashboard/stats
[26/12/2025, 1:40:35 pm] OPTIONS 204 0.100 ms /api/events/my
[26/12/2025, 1:40:35 pm] OPTIONS 204 0.086 ms /api/notifications?limit=5
[26/12/2025, 1:40:35 pm] OPTIONS 204 0.108 ms /api/auth/me
[26/12/2025, 1:40:35 pm] GET 304 193.798 ms /api/coordinators/my-events
[26/12/2025, 1:40:35 pm] GET 304 273.193 ms /api/auth/me
[26/12/2025, 1:40:35 pm] OPTIONS 204 0.107 ms /api/admin/stats
[26/12/2025, 1:40:35 pm] GET - - ms /api/dashboard/stats
[26/12/2025, 1:40:35 pm] GET - - ms /api/notifications?limit=5
[26/12/2025, 1:40:35 pm] GET - - ms /api/auth/me
[26/12/2025, 1:40:35 pm] GET - - ms /api/events/my
[26/12/2025, 1:40:35 pm] GET 304 252.340 ms /api/auth/me
[26/12/2025, 1:40:35 pm] GET - - ms /api/admin/stats
[26/12/2025, 1:40:35 pm] GET - - ms /api/auth/me
[26/12/2025, 1:40:36 pm] GET 304 160.613 ms /api/notifications/unread-count
[26/12/2025, 1:40:36 pm] GET 304 168.062 ms /api/coordinators/my-events
[26/12/2025, 1:40:36 pm] GET 200 261.872 ms /api/auth/me
[26/12/2025, 1:40:37 pm] GET 304 257.654 ms /api/auth/me
[26/12/2025, 1:40:37 pm] GET 200 617.633 ms /api/admin/stats
[26/12/2025, 1:40:37 pm] GET 304 257.796 ms /api/auth/me
[26/12/2025, 1:40:37 pm] GET 304 142.960 ms /api/coordinators/my-events
[26/12/2025, 1:40:37 pm] GET 304 152.922 ms /api/notifications/unread-count
[26/12/2025, 1:40:38 pm] GET 200 380.365 ms /api/auth/me
[26/12/2025, 1:40:38 pm] GET 200 190.539 ms /api/events/my
[26/12/2025, 1:40:38 pm] GET 304 241.545 ms /api/auth/me
[26/12/2025, 1:40:38 pm] GET 200 364.419 ms /api/notifications?limit=5
[26/12/2025, 1:40:38 pm] GET 200 370.942 ms /api/dashboard/stats
[26/12/2025, 1:40:39 pm] GET 304 242.511 ms /api/auth/me
[26/12/2025, 1:41:07 pm] OPTIONS 204 0.140 ms /api/notifications/unread-count
[26/12/2025, 1:41:07 pm] GET 304 178.685 ms /api/notifications/unread-count
[26/12/2025, 1:41:08 pm] OPTIONS 204 0.131 ms /api/notifications/unread-count
[26/12/2025, 1:41:08 pm] GET 304 165.116 ms /api/notifications/unread-count
[26/12/2025, 1:41:10 pm] OPTIONS 204 0.121 ms /api/auth/me
[26/12/2025, 1:41:10 pm] OPTIONS 204 0.324 ms /api/coordinators/my-events
[26/12/2025, 1:41:10 pm] GET 304 191.589 ms /api/notifications/unread-count
[26/12/2025, 1:41:10 pm] GET 304 183.274 ms /api/coordinators/my-events
[26/12/2025, 1:41:10 pm] GET 304 273.008 ms /api/auth/me
[26/12/2025, 1:41:10 pm] OPTIONS 204 0.129 ms /api/admin/stats
[26/12/2025, 1:41:10 pm] OPTIONS 204 0.077 ms /api/coordinators/my-events
[26/12/2025, 1:41:11 pm] GET 304 280.690 ms /api/auth/me
[26/12/2025, 1:41:11 pm] GET 304 160.589 ms /api/coordinators/my-events
[26/12/2025, 1:41:11 pm] GET 304 172.459 ms /api/notifications/unread-count
[26/12/2025, 1:41:11 pm] OPTIONS 204 0.220 ms /api/auth/me
[26/12/2025, 1:41:11 pm] GET 304 261.785 ms /api/auth/me
[26/12/2025, 1:41:11 pm] GET 304 624.901 ms /api/admin/stats
[26/12/2025, 1:41:11 pm] OPTIONS 204 0.158 ms /api/dashboard/stats
[26/12/2025, 1:41:11 pm] OPTIONS 204 0.094 ms /api/events/my
[26/12/2025, 1:41:11 pm] OPTIONS 204 0.091 ms /api/notifications?limit=5
[26/12/2025, 1:41:11 pm] GET 304 165.134 ms /api/events/my
[26/12/2025, 1:41:11 pm] GET 304 224.271 ms /api/auth/me
[26/12/2025, 1:41:11 pm] GET 304 313.467 ms /api/notifications?limit=5
[26/12/2025, 1:41:11 pm] GET 304 321.728 ms /api/dashboard/stats
[26/12/2025, 1:41:11 pm] GET 304 285.589 ms /api/auth/me
[26/12/2025, 1:41:12 pm] GET 304 307.268 ms /api/auth/me
[26/12/2025, 1:41:36 pm] OPTIONS 204 0.169 ms /api/notifications/unread-count
[26/12/2025, 1:41:36 pm] OPTIONS 204 0.101 ms /api/coordinators/my-events
[26/12/2025, 1:41:36 pm] OPTIONS 204 0.161 ms /api/auth/me
[26/12/2025, 1:41:36 pm] OPTIONS 204 0.099 ms /api/dashboard/stats
[26/12/2025, 1:41:36 pm] OPTIONS 204 0.068 ms /api/events/my
[26/12/2025, 1:41:36 pm] OPTIONS 204 0.055 ms /api/notifications?limit=5
[26/12/2025, 1:41:36 pm] GET 304 189.593 ms /api/notifications/unread-count
[26/12/2025, 1:41:36 pm] GET 304 186.444 ms /api/coordinators/my-events
[26/12/2025, 1:41:36 pm] GET 304 175.294 ms /api/events/my
[26/12/2025, 1:41:36 pm] GET 304 242.802 ms /api/auth/me
[26/12/2025, 1:41:36 pm] GET 304 310.904 ms /api/dashboard/stats
[26/12/2025, 1:41:36 pm] GET 304 330.251 ms /api/notifications?limit=5
[26/12/2025, 1:41:37 pm] GET 304 318.727 ms /api/auth/me
[26/12/2025, 1:41:37 pm] GET 304 248.748 ms /api/auth/me
[26/12/2025, 1:41:41 pm] OPTIONS 204 0.092 ms /api/notifications/unread-count
[26/12/2025, 1:41:41 pm] GET 304 185.766 ms /api/notifications/unread-count
[26/12/2025, 1:41:52 pm] OPTIONS 204 0.405 ms /api/auth/me
[26/12/2025, 1:41:52 pm] OPTIONS 204 0.174 ms /api/dashboard/stats
[26/12/2025, 1:41:52 pm] OPTIONS 204 0.128 ms /api/events/my
[26/12/2025, 1:41:52 pm] OPTIONS 204 0.224 ms /api/notifications?limit=5
[26/12/2025, 1:41:52 pm] OPTIONS 204 0.584 ms /api/notifications?limit=5
[26/12/2025, 1:41:52 pm] OPTIONS 204 0.212 ms /api/dashboard/stats
[26/12/2025, 1:41:52 pm] OPTIONS 204 0.104 ms /api/events/my
[26/12/2025, 1:41:52 pm] GET 304 168.224 ms /api/events/my
[26/12/2025, 1:41:52 pm] GET 304 237.742 ms /api/auth/me
[26/12/2025, 1:41:52 pm] GET 304 328.195 ms /api/dashboard/stats
[26/12/2025, 1:41:52 pm] GET 304 329.741 ms /api/notifications?limit=5
[26/12/2025, 1:41:52 pm] GET 304 162.378 ms /api/events/my
[26/12/2025, 1:41:52 pm] GET 304 245.922 ms /api/auth/me
[26/12/2025, 1:41:52 pm] GET 304 358.054 ms /api/dashboard/stats
[26/12/2025, 1:41:52 pm] GET 304 335.411 ms /api/notifications?limit=5
[26/12/2025, 1:41:54 pm] GET 304 272.190 ms /api/auth/me
[26/12/2025, 1:41:54 pm] OPTIONS 204 0.202 ms /api/admin/stats
[26/12/2025, 1:41:55 pm] GET 304 275.115 ms /api/auth/me
[26/12/2025, 1:41:55 pm] GET 304 608.471 ms /api/admin/stats
[26/12/2025, 1:41:56 pm] GET 304 613.781 ms /api/admin/stats
[26/12/2025, 1:41:57 pm] OPTIONS 204 0.140 ms /api/admin/logs
[26/12/2025, 1:41:57 pm] OPTIONS 204 0.197 ms /api/admin/logs
[26/12/2025, 1:41:57 pm] GET 200 182.963 ms /api/admin/logs
[26/12/2025, 1:41:57 pm] GET 200 177.254 ms /api/admin/logs
[26/12/2025, 1:42:05 pm] OPTIONS 204 0.083 ms /api/notifications/unread-count
[26/12/2025, 1:42:05 pm] OPTIONS 204 0.113 ms /api/coordinators/my-events
[26/12/2025, 1:42:05 pm] OPTIONS 204 0.108 ms /api/notifications/unread-count
[26/12/2025, 1:42:05 pm] OPTIONS 204 0.141 ms /api/coordinators/my-events
[26/12/2025, 1:42:05 pm] OPTIONS 204 0.213 ms /api/auth/me
[26/12/2025, 1:42:05 pm] OPTIONS 204 0.194 ms /api/auth/me
[26/12/2025, 1:42:05 pm] OPTIONS 204 0.124 ms /api/dashboard/stats
[26/12/2025, 1:42:05 pm] OPTIONS 204 0.093 ms /api/events/my
[26/12/2025, 1:42:05 pm] OPTIONS 204 0.116 ms /api/auth/me
[26/12/2025, 1:42:05 pm] OPTIONS 204 0.197 ms /api/notifications?limit=5
[26/12/2025, 1:42:06 pm] GET 304 1007.425 ms /api/notifications/unread-count
[26/12/2025, 1:42:06 pm] GET 304 1014.662 ms /api/coordinators/my-events
[26/12/2025, 1:42:06 pm] GET 304 993.999 ms /api/notifications/unread-count
[26/12/2025, 1:42:06 pm] GET 304 1046.576 ms /api/coordinators/my-events
[26/12/2025, 1:42:06 pm] GET 304 879.567 ms /api/auth/me
[26/12/2025, 1:42:06 pm] GET 304 891.093 ms /api/auth/me
[26/12/2025, 1:42:06 pm] GET 304 1001.482 ms /api/notifications?limit=5
[26/12/2025, 1:42:06 pm] GET 304 247.653 ms /api/auth/me
[26/12/2025, 1:42:06 pm] GET 304 251.981 ms /api/auth/me
[26/12/2025, 1:42:07 pm] GET 304 336.615 ms /api/auth/me
[26/12/2025, 1:42:07 pm] GET 304 1542.339 ms /api/events/my
[26/12/2025, 1:42:07 pm] GET 304 1704.283 ms /api/dashboard/stats
[26/12/2025, 1:42:35 pm] OPTIONS 204 0.195 ms /api/notifications/unread-count
[26/12/2025, 1:42:35 pm] OPTIONS 204 0.129 ms /api/notifications/unread-count
[26/12/2025, 1:42:35 pm] GET 304 177.453 ms /api/notifications/unread-count
[26/12/2025, 1:42:35 pm] GET 304 175.994 ms /api/notifications/unread-count
[26/12/2025, 1:43:05 pm] OPTIONS 204 0.325 ms /api/notifications/unread-count
[26/12/2025, 1:43:05 pm] OPTIONS 204 0.244 ms /api/notifications/unread-count
[26/12/2025, 1:43:05 pm] GET 304 206.365 ms /api/notifications/unread-count
[26/12/2025, 1:43:05 pm] GET 304 187.867 ms /api/notifications/unread-count
[26/12/2025, 1:43:10 pm] OPTIONS 204 0.140 ms /api/admin/logs
[26/12/2025, 1:43:10 pm] OPTIONS 204 0.158 ms /api/admin/logs
[26/12/2025, 1:43:11 pm] GET 200 211.747 ms /api/admin/logs
[26/12/2025, 1:43:11 pm] GET 200 197.133 ms /api/admin/logs
[26/12/2025, 1:43:35 pm] OPTIONS 204 0.276 ms /api/notifications/unread-count
[26/12/2025, 1:43:35 pm] OPTIONS 204 0.311 ms /api/notifications/unread-count
[26/12/2025, 1:43:35 pm] GET 304 211.322 ms /api/notifications/unread-count
[26/12/2025, 1:43:35 pm] GET 304 167.775 ms /api/notifications/unread-count
[26/12/2025, 1:44:05 pm] OPTIONS 204 0.148 ms /api/notifications/unread-count
[26/12/2025, 1:44:05 pm] OPTIONS 204 0.068 ms /api/notifications/unread-count
[26/12/2025, 1:44:05 pm] GET 304 191.132 ms /api/notifications/unread-count
[26/12/2025, 1:44:05 pm] GET 304 195.369 ms /api/notifications/unread-count
[26/12/2025, 1:44:35 pm] OPTIONS 204 0.261 ms /api/notifications/unread-count
[26/12/2025, 1:44:35 pm] OPTIONS 204 0.310 ms /api/notifications/unread-count
[26/12/2025, 1:44:35 pm] GET 304 171.392 ms /api/notifications/unread-count
[26/12/2025, 1:44:35 pm] GET 304 164.227 ms /api/notifications/unread-count
[26/12/2025, 1:45:05 pm] OPTIONS 204 0.271 ms /api/notifications/unread-count
[26/12/2025, 1:45:05 pm] OPTIONS 204 0.206 ms /api/notifications/unread-count
[26/12/2025, 1:45:05 pm] GET 304 173.920 ms /api/notifications/unread-count
[26/12/2025, 1:45:05 pm] GET 304 171.790 ms /api/notifications/unread-count
[26/12/2025, 1:45:35 pm] OPTIONS 204 0.167 ms /api/notifications/unread-count
[26/12/2025, 1:45:35 pm] GET 200 187.904 ms /api/notifications/unread-count
[26/12/2025, 1:45:56 pm] OPTIONS 204 0.166 ms /api/notifications/unread-count
[26/12/2025, 1:45:56 pm] GET 304 365.866 ms /api/notifications/unread-count
[26/12/2025, 1:46:05 pm] OPTIONS 204 0.106 ms /api/notifications/unread-count
[26/12/2025, 1:46:06 pm] GET 200 1296.695 ms /api/notifications/unread-count
[26/12/2025, 1:46:37 pm] OPTIONS 204 0.077 ms /api/notifications/unread-count
[26/12/2025, 1:46:37 pm] OPTIONS 204 0.165 ms /api/coordinators/my-events
[26/12/2025, 1:46:37 pm] OPTIONS 204 0.074 ms /api/notifications/unread-count
[26/12/2025, 1:46:37 pm] OPTIONS 204 0.110 ms /api/admin/logs
[26/12/2025, 1:46:37 pm] OPTIONS 204 0.096 ms /api/coordinators/my-events
[26/12/2025, 1:46:37 pm] GET 304 185.554 ms /api/coordinators/my-events
[26/12/2025, 1:46:37 pm] GET 304 189.706 ms /api/notifications/unread-count
[26/12/2025, 1:46:37 pm] OPTIONS 204 0.085 ms /api/auth/me
[26/12/2025, 1:46:37 pm] GET 200 182.189 ms /api/coordinators/my-events
[26/12/2025, 1:46:37 pm] GET 200 193.970 ms /api/notifications/unread-count
[26/12/2025, 1:46:37 pm] GET 200 188.732 ms /api/admin/logs
[26/12/2025, 1:46:38 pm] GET 304 287.969 ms /api/auth/me
[26/12/2025, 1:46:38 pm] OPTIONS 204 0.122 ms /api/auth/me
[26/12/2025, 1:46:38 pm] OPTIONS 204 0.085 ms /api/dashboard/stats
[26/12/2025, 1:46:38 pm] OPTIONS 204 0.148 ms /api/events/my
[26/12/2025, 1:46:38 pm] OPTIONS 204 0.040 ms /api/notifications?limit=5
[26/12/2025, 1:46:38 pm] OPTIONS 204 0.128 ms /api/auth/me
[26/12/2025, 1:46:38 pm] GET 200 347.505 ms /api/auth/me
[26/12/2025, 1:46:38 pm] GET 304 269.017 ms /api/events/my
[26/12/2025, 1:46:38 pm] GET 304 346.351 ms /api/auth/me
[26/12/2025, 1:46:38 pm] GET 200 344.592 ms /api/auth/me
[26/12/2025, 1:46:39 pm] GET 304 471.776 ms /api/dashboard/stats
[26/12/2025, 1:46:39 pm] GET 304 490.724 ms /api/notifications?limit=5
[26/12/2025, 1:46:39 pm] GET 304 270.498 ms /api/auth/me
[26/12/2025, 1:47:08 pm] OPTIONS 204 0.207 ms /api/notifications/unread-count
[26/12/2025, 1:47:08 pm] OPTIONS 204 0.098 ms /api/notifications/unread-count
[26/12/2025, 1:47:08 pm] GET 304 427.947 ms /api/notifications/unread-count
[26/12/2025, 1:47:08 pm] GET 200 427.523 ms /api/notifications/unread-count
[26/12/2025, 1:47:38 pm] OPTIONS 204 0.082 ms /api/notifications/unread-count
[26/12/2025, 1:47:38 pm] OPTIONS 204 0.251 ms /api/notifications/unread-count
[26/12/2025, 1:47:38 pm] GET 304 192.424 ms /api/notifications/unread-count
[26/12/2025, 1:47:38 pm] GET 200 190.282 ms /api/notifications/unread-count
[26/12/2025, 1:48:05 pm] OPTIONS 204 0.241 ms /api/notifications/unread-count
[26/12/2025, 1:48:05 pm] OPTIONS 204 0.111 ms /api/admin/logs
[26/12/2025, 1:48:05 pm] OPTIONS 204 0.084 ms /api/coordinators/my-events
[26/12/2025, 1:48:05 pm] OPTIONS 204 0.286 ms /api/auth/me
[26/12/2025, 1:48:05 pm] GET 200 215.356 ms /api/notifications/unread-count
[26/12/2025, 1:48:05 pm] GET 200 244.410 ms /api/admin/logs
[26/12/2025, 1:48:05 pm] GET 200 245.137 ms /api/coordinators/my-events
[26/12/2025, 1:48:05 pm] GET 200 324.963 ms /api/auth/me
[26/12/2025, 1:48:05 pm] OPTIONS 204 0.237 ms /api/auth/me
[26/12/2025, 1:48:06 pm] GET 200 284.053 ms /api/auth/me
[26/12/2025, 1:48:08 pm] OPTIONS 204 0.171 ms /api/notifications/unread-count
[26/12/2025, 1:48:08 pm] GET 304 297.925 ms /api/notifications/unread-count
[26/12/2025, 1:48:18 pm] OPTIONS 204 0.428 ms /api/notifications/unread-count
[26/12/2025, 1:48:18 pm] OPTIONS 204 0.555 ms /api/coordinators/my-events
[26/12/2025, 1:48:19 pm] GET 200 212.087 ms /api/coordinators/my-events
[26/12/2025, 1:48:19 pm] GET 200 242.081 ms /api/notifications/unread-count
[26/12/2025, 1:48:19 pm] OPTIONS 204 0.147 ms /api/notifications/unread-count
[26/12/2025, 1:48:19 pm] OPTIONS 204 0.130 ms /api/auth/me
[26/12/2025, 1:48:19 pm] OPTIONS 204 0.140 ms /api/dashboard/stats
[26/12/2025, 1:48:19 pm] GET 304 227.378 ms /api/notifications/unread-count
[26/12/2025, 1:48:19 pm] OPTIONS 204 0.118 ms /api/events/my
[26/12/2025, 1:48:19 pm] OPTIONS 204 0.125 ms /api/notifications?limit=5
[26/12/2025, 1:48:19 pm] OPTIONS 204 0.124 ms /api/auth/me
[26/12/2025, 1:48:19 pm] OPTIONS 204 0.104 ms /api/auth/me
[26/12/2025, 1:48:19 pm] OPTIONS 204 0.076 ms /api/dashboard/stats
[26/12/2025, 1:48:19 pm] OPTIONS 204 0.186 ms /api/events/my
[26/12/2025, 1:48:19 pm] OPTIONS 204 0.075 ms /api/notifications?limit=5
[26/12/2025, 1:48:19 pm] OPTIONS 204 0.108 ms /api/dashboard/stats
[26/12/2025, 1:48:19 pm] OPTIONS 204 0.098 ms /api/events/my
[26/12/2025, 1:48:19 pm] OPTIONS 204 0.166 ms /api/auth/me
[26/12/2025, 1:48:19 pm] OPTIONS 204 0.147 ms /api/auth/me
[26/12/2025, 1:48:19 pm] OPTIONS 204 0.318 ms /api/notifications?limit=5
[26/12/2025, 1:48:19 pm] OPTIONS 204 0.134 ms /api/auth/me
[26/12/2025, 1:48:19 pm] OPTIONS 204 0.194 ms /api/auth/me
[26/12/2025, 1:48:19 pm] GET - - ms /api/notifications?limit=5
[26/12/2025, 1:48:19 pm] GET - - ms /api/notifications?limit=5
[26/12/2025, 1:48:19 pm] GET - - ms /api/auth/me
[26/12/2025, 1:48:19 pm] GET - - ms /api/notifications/unread-count
[26/12/2025, 1:48:19 pm] GET - - ms /api/dashboard/stats
[26/12/2025, 1:48:19 pm] GET - - ms /api/auth/me
[26/12/2025, 1:48:19 pm] GET - - ms /api/events/my
[26/12/2025, 1:48:19 pm] GET - - ms /api/dashboard/stats
[26/12/2025, 1:48:19 pm] GET 200 230.853 ms /api/events/my
[26/12/2025, 1:48:19 pm] GET - - ms /api/auth/me
[26/12/2025, 1:48:19 pm] GET - - ms /api/auth/me
[26/12/2025, 1:48:19 pm] GET - - ms /api/auth/me
[26/12/2025, 1:48:19 pm] GET - - ms /api/notifications?limit=5
[26/12/2025, 1:48:19 pm] GET - - ms /api/dashboard/stats
[26/12/2025, 1:48:21 pm] OPTIONS 204 0.229 ms /api/coordinators/my-events
[26/12/2025, 1:48:23 pm] GET 304 2175.112 ms /api/coordinators/my-events
[26/12/2025, 1:48:23 pm] GET 200 1422.527 ms /api/events/my
[26/12/2025, 1:48:23 pm] GET 200 2199.416 ms /api/notifications/unread-count
[26/12/2025, 1:48:24 pm] GET 200 1576.622 ms /api/auth/me
[26/12/2025, 1:48:24 pm] GET 200 1695.480 ms /api/dashboard/stats
[26/12/2025, 1:48:24 pm] GET 200 1695.503 ms /api/notifications?limit=5
[26/12/2025, 1:48:24 pm] GET 304 333.275 ms /api/auth/me
[26/12/2025, 1:48:25 pm] GET 304 904.909 ms /api/auth/me
[26/12/2025, 1:48:25 pm] OPTIONS 204 0.197 ms /api/notifications/unread-count
[26/12/2025, 1:48:25 pm] OPTIONS 204 0.075 ms /api/coordinators/my-events
[26/12/2025, 1:48:26 pm] GET 200 324.739 ms /api/coordinators/my-events
[26/12/2025, 1:48:26 pm] GET 200 336.625 ms /api/notifications/unread-count
[26/12/2025, 1:48:26 pm] OPTIONS 204 0.114 ms /api/auth/me
[26/12/2025, 1:48:26 pm] OPTIONS 204 0.422 ms /api/auth/me
[26/12/2025, 1:48:26 pm] OPTIONS 204 0.261 ms /api/notifications?limit=5
[26/12/2025, 1:48:26 pm] OPTIONS 204 0.540 ms /api/dashboard/stats
[26/12/2025, 1:48:26 pm] OPTIONS 204 0.141 ms /api/events/my
[26/12/2025, 1:48:26 pm] OPTIONS 204 0.199 ms /api/auth/me
[26/12/2025, 1:48:26 pm] GET 200 338.362 ms /api/auth/me
[26/12/2025, 1:48:26 pm] GET 200 187.071 ms /api/events/my
[26/12/2025, 1:48:26 pm] GET 200 295.815 ms /api/auth/me
[26/12/2025, 1:48:26 pm] GET 200 265.583 ms /api/auth/me
[26/12/2025, 1:48:26 pm] GET 200 372.336 ms /api/dashboard/stats
[26/12/2025, 1:48:26 pm] GET 200 390.673 ms /api/notifications?limit=5
[26/12/2025, 1:48:52 pm] OPTIONS 204 0.240 ms /api/notifications/unread-count
[26/12/2025, 1:48:52 pm] OPTIONS 204 0.165 ms /api/coordinators/my-events
[26/12/2025, 1:48:52 pm] OPTIONS 204 0.170 ms /api/auth/me
[26/12/2025, 1:48:52 pm] OPTIONS 204 0.164 ms /api/dashboard/stats
[26/12/2025, 1:48:52 pm] OPTIONS 204 0.095 ms /api/events/my
[26/12/2025, 1:48:52 pm] OPTIONS 204 0.110 ms /api/notifications?limit=5
[26/12/2025, 1:48:52 pm] OPTIONS 204 0.118 ms /api/auth/me
[26/12/2025, 1:48:52 pm] GET 304 193.590 ms /api/notifications/unread-count
[26/12/2025, 1:48:52 pm] GET 304 189.812 ms /api/coordinators/my-events
[26/12/2025, 1:48:52 pm] GET 304 178.369 ms /api/events/my
[26/12/2025, 1:48:52 pm] GET 304 298.305 ms /api/auth/me
[26/12/2025, 1:48:52 pm] GET 304 394.555 ms /api/dashboard/stats
[26/12/2025, 1:48:52 pm] GET 304 386.256 ms /api/notifications?limit=5
[26/12/2025, 1:48:54 pm] GET 304 1618.742 ms /api/auth/me
[26/12/2025, 1:48:54 pm] GET 304 286.853 ms /api/auth/me
[26/12/2025, 1:48:59 pm] OPTIONS 204 0.116 ms /api/notifications/unread-count
[26/12/2025, 1:48:59 pm] OPTIONS 204 0.390 ms /api/coordinators/my-events
[26/12/2025, 1:48:59 pm] GET 200 206.292 ms /api/notifications/unread-count
[26/12/2025, 1:48:59 pm] GET 200 197.460 ms /api/coordinators/my-events
[26/12/2025, 1:49:00 pm] OPTIONS 204 0.106 ms /api/auth/me
[26/12/2025, 1:49:00 pm] OPTIONS 204 0.117 ms /api/auth/me
[26/12/2025, 1:49:00 pm] OPTIONS 204 0.118 ms /api/dashboard/stats
[26/12/2025, 1:49:00 pm] OPTIONS 204 0.084 ms /api/events/my
[26/12/2025, 1:49:00 pm] OPTIONS 204 0.089 ms /api/notifications?limit=5
[26/12/2025, 1:49:00 pm] OPTIONS 204 0.050 ms /api/auth/me
[26/12/2025, 1:49:00 pm] GET 200 287.891 ms /api/auth/me
[26/12/2025, 1:49:00 pm] GET 200 182.132 ms /api/events/my
[26/12/2025, 1:49:00 pm] GET 200 288.506 ms /api/auth/me
[26/12/2025, 1:49:00 pm] GET 200 277.269 ms /api/auth/me
[26/12/2025, 1:49:00 pm] GET 200 383.418 ms /api/dashboard/stats
[26/12/2025, 1:49:00 pm] GET 200 377.340 ms /api/notifications?limit=5
[26/12/2025, 1:49:06 pm] OPTIONS 204 0.156 ms /api/auth/me
[26/12/2025, 1:49:06 pm] OPTIONS 204 0.188 ms /api/auth/me
[26/12/2025, 1:49:07 pm] GET 200 606.825 ms /api/auth/me
[26/12/2025, 1:49:07 pm] GET 200 605.183 ms /api/auth/me
[26/12/2025, 1:49:07 pm] OPTIONS 204 0.203 ms /api/admin/stats
[26/12/2025, 1:49:07 pm] OPTIONS 204 0.182 ms /api/admin/stats
[26/12/2025, 1:49:09 pm] GET 200 1657.695 ms /api/admin/stats
[26/12/2025, 1:49:09 pm] GET 200 1690.622 ms /api/admin/stats
[26/12/2025, 1:49:18 pm] OPTIONS 204 0.145 ms /api/admin/logs
[26/12/2025, 1:49:18 pm] OPTIONS 204 0.267 ms /api/admin/logs
[26/12/2025, 1:49:19 pm] GET 200 212.240 ms /api/admin/logs
[26/12/2025, 1:49:19 pm] GET 200 212.761 ms /api/admin/logs
